<?xml version="1.0" encoding="UTF-8"?>
<!-- Generated by org.testng.reporters.JUnitReportReporter -->
<testsuite hostname="Prakash" failures="0" tests="1" name="sample.SampleTestNGTC" time="12.509" errors="0" timestamp="2025-04-01T17:10:16 IST" skipped="0">
  <testcase classname="sample.SampleTestNGTC" name="runLogin" time="12.509"/>
  <system-out/>
</testsuite> <!-- sample.SampleTestNGTC -->
